chap3/TestTarget-pub/proguard/seeds.txt
com.lohan.testtarget.BuildConfig: BuildConfig()
com.lohan.testtarget.Console: Console()
com.lohan.testtarget.Main
com.lohan.testtarget.Main: Main()
com.lohan.testtarget.R: R()
com.lohan.testtarget.R$attr: R$attr()
com.lohan.testtarget.R$drawable: int icon
com.lohan.testtarget.R$drawable: R$drawable()
com.lohan.testtarget.R$id: int btnRefresh
com.lohan.testtarget.R$id: int scrollView1
com.lohan.testtarget.R$id: int tableLayout1
com.lohan.testtarget.R$id: int tableRow1
com.lohan.testtarget.R$id: int textView1
com.lohan.testtarget.R$id: int trCheckDebuggable
com.lohan.testtarget.R$id: int trCheckDebuggableReflection
com.lohan.testtarget.R$id: int trCheckDebuggerConnected
com.lohan.testtarget.R$id: int trCheckDebuggerConnectedReflection
com.lohan.testtarget.R$id: int trCheckFileLength
com.lohan.testtarget.R$id: int trCheckFileLengthReflection
com.lohan.testtarget.R$id: int trCheckInstallerPackageName
com.lohan.testtarget.R$id: int trCheckInstallerPackageNameReflection
com.lohan.testtarget.R$id: int trCheckLastModified
com.lohan.testtarget.R$id: int trCheckLastModifiedReflection
com.lohan.testtarget.R$id: int trCheckPMCheckSignatures
com.lohan.testtarget.R$id: int trCheckPMCheckSignaturesReflection
com.lohan.testtarget.R$id: int trCheckPMInfoSignature
com.lohan.testtarget.R$id: int trCheckPMInfoSignatureReflection
com.lohan.testtarget.R$id: int trCheckTrivialLC1
com.lohan.testtarget.R$id: int trCheckTrivialLC2
com.lohan.testtarget.R$id: int trGetApkLastMod
com.lohan.testtarget.R$id: int trGetApkLength
com.lohan.testtarget.R$id: int trGetBluetoothMAC
com.lohan.testtarget.R$id: int trGetDeviceID
com.lohan.testtarget.R$id: int trGetDeviceIDReflection
com.lohan.testtarget.R$id: int trGetTime
com.lohan.testtarget.R$id: int trGetWirelessMAC
com.lohan.testtarget.R$id: int trInfo
com.lohan.testtarget.R$layout: int main
com.lohan.testtarget.R$layout: R$layout()
com.lohan.testtarget.R$string: int app_name
com.lohan.testtarget.R$string: int dex_comp_size
com.lohan.testtarget.R$string: int dex_crc
com.lohan.testtarget.R$string: int dex_size
com.lohan.testtarget.R$string: int hello
com.lohan.testtarget.R$string: R$string()
com.lohan.testtarget.TestResult: com.lohan.testtarget.TestResult[] values()
com.lohan.testtarget.TestResult: com.lohan.testtarget.TestResult valueOf(java.lang.String)
com.lohan.testtarget.TrivialLicenseCheck: TrivialLicenseCheck()